<?xml version="1.0" encoding="UTF-8"?>
<!-- Generated by org.testng.reporters.JUnitReportReporter -->
<testsuite skipped="0" hostname="DESKTOP-AD9356A" name="test.TestActiTimeValidLogin" tests="1" failures="0" timestamp="2021-07-07T09:03:35 IST" time="7.079" errors="0">
  <testcase name="validActiTimeLogin" time="7.079" classname="test.TestActiTimeValidLogin"/>
  <system-out>
    <![CDATA[The test has been started
This validActiTimeLogin is successfully executed]]>
  </system-out>
</testsuite> <!-- test.TestActiTimeValidLogin -->
